2018/03/19 19:06:15 [TRACE] Log Mode: File (Trace)
2018/03/19 19:06:15 [ INFO] Gogs 0.11.36.0306
2018/03/19 19:06:15 [ INFO] Cache Service Enabled
2018/03/19 19:06:15 [ INFO] Session Service Enabled
2018/03/19 19:06:16 [ INFO] Git Version: 2.11.3
2018/03/19 19:06:16 [ INFO] Git config user.name set to Gogs
2018/03/19 19:06:16 [ INFO] Git config user.email set to gogs@fake.local
2018/03/19 19:06:16 [TRACE] Doing: CheckRepoStats
2018/03/19 19:06:16 [ INFO] SQLite3 Supported
2018/03/19 19:06:16 [ INFO] Run Mode: Production
2018/03/19 19:06:16 [TRACE] Template: install
2018/03/19 19:06:29 [TRACE] Session ID: 396f055eaa3d6548
2018/03/19 19:06:29 [TRACE] CSRF Token: yVuHzr14jwh2l0h2h-t65-wzVoA6MTUyMTQ4NTk4MzMzNzA2ODAxMg==
2018/03/19 19:06:29 [TRACE] Custom path: /data/gogs
2018/03/19 19:06:29 [TRACE] Log path: /app/gogs/log
2018/03/19 19:06:29 [TRACE] Build Time: 2018-03-06 11:05:39 UTC
2018/03/19 19:06:29 [TRACE] Build Git Hash: 
2018/03/19 19:06:29 [TRACE] Log Mode: Console (Trace)
2018/03/19 19:06:29 [TRACE] Log Mode: File (Trace)
2018/03/19 19:06:29 [ INFO] Gogs 0.11.36.0306
2018/03/19 19:06:29 [ INFO] Cache Service Enabled
2018/03/19 19:06:29 [ INFO] Session Service Enabled
2018/03/19 19:06:30 [ INFO] Git Version: 2.11.3
2018/03/19 19:06:30 [TRACE] Doing: CheckRepoStats
2018/03/19 19:06:30 [ INFO] SQLite3 Supported
2018/03/19 19:06:30 [ INFO] Run Mode: Production
2018/03/19 19:06:30 [TRACE] Template: install
2018/03/19 19:06:44 [TRACE] Session ID: 396f055eaa3d6548
2018/03/19 19:06:44 [TRACE] CSRF Token: yVuHzr14jwh2l0h2h-t65-wzVoA6MTUyMTQ4NTk4MzMzNzA2ODAxMg==
2018/03/19 19:06:44 [TRACE] Custom path: /data/gogs
2018/03/19 19:06:44 [TRACE] Log path: /app/gogs/log
2018/03/19 19:06:44 [TRACE] Build Time: 2018-03-06 11:05:39 UTC
2018/03/19 19:06:44 [TRACE] Build Git Hash: 
2018/03/19 19:06:44 [TRACE] Log Mode: Console (Trace)
2018/03/19 19:06:44 [TRACE] Log Mode: File (Trace)
2018/03/19 19:06:44 [ INFO] Gogs 0.11.36.0306
2018/03/19 19:06:44 [ INFO] Cache Service Enabled
2018/03/19 19:06:44 [ INFO] Session Service Enabled
2018/03/19 19:06:45 [ INFO] Git Version: 2.11.3
2018/03/19 19:06:45 [TRACE] Doing: CheckRepoStats
2018/03/19 19:06:45 [ INFO] SQLite3 Supported
2018/03/19 19:06:45 [ INFO] Run Mode: Production
2018/03/19 19:06:45 [ INFO] First-time run install finished!
2018/03/19 19:07:07 [TRACE] Session ID: 396f055eaa3d6548
2018/03/19 19:07:07 [TRACE] CSRF Token: FmYDWkOepw9IMKdZUuf02GX1__06MTUyMTQ4NjQyNzE0NjYyMzMzNw==
2018/03/19 19:07:07 [TRACE] Template: user/dashboard/dashboard
2018/03/19 19:07:20 [TRACE] Session ID: 396f055eaa3d6548
2018/03/19 19:07:20 [TRACE] CSRF Token: FmYDWkOepw9IMKdZUuf02GX1__06MTUyMTQ4NjQyNzE0NjYyMzMzNw==
2018/03/19 19:07:20 [TRACE] Template: user/dashboard/issues
2018/03/19 19:07:22 [TRACE] Session ID: 396f055eaa3d6548
2018/03/19 19:07:22 [TRACE] CSRF Token: FmYDWkOepw9IMKdZUuf02GX1__06MTUyMTQ4NjQyNzE0NjYyMzMzNw==
2018/03/19 19:07:22 [TRACE] Template: user/dashboard/dashboard
2018/03/19 19:07:28 [TRACE] Session ID: 396f055eaa3d6548
2018/03/19 19:07:28 [TRACE] CSRF Token: FmYDWkOepw9IMKdZUuf02GX1__06MTUyMTQ4NjQyNzE0NjYyMzMzNw==
2018/03/19 19:07:28 [TRACE] Template: org/create
2018/03/19 19:07:33 [TRACE] Session ID: 396f055eaa3d6548
2018/03/19 19:07:33 [TRACE] CSRF Token: FmYDWkOepw9IMKdZUuf02GX1__06MTUyMTQ4NjQyNzE0NjYyMzMzNw==
2018/03/19 19:07:33 [ INFO] New random avatar created: 2
2018/03/19 19:07:33 [TRACE] Organization created: ellesmera
2018/03/19 19:07:33 [TRACE] Session ID: 396f055eaa3d6548
2018/03/19 19:07:33 [TRACE] CSRF Token: FmYDWkOepw9IMKdZUuf02GX1__06MTUyMTQ4NjQyNzE0NjYyMzMzNw==
2018/03/19 19:07:33 [TRACE] Template: user/dashboard/dashboard
2018/03/19 19:07:41 [TRACE] Session ID: 396f055eaa3d6548
2018/03/19 19:07:41 [TRACE] CSRF Token: FmYDWkOepw9IMKdZUuf02GX1__06MTUyMTQ4NjQyNzE0NjYyMzMzNw==
2018/03/19 19:07:41 [TRACE] Template: repo/create
2018/03/19 19:08:12 [TRACE] Session ID: 396f055eaa3d6548
2018/03/19 19:08:12 [TRACE] CSRF Token: FmYDWkOepw9IMKdZUuf02GX1__06MTUyMTQ4NjQyNzE0NjYyMzMzNw==
2018/03/19 19:08:12 [TRACE] Repository created [1]: ellesmera/junttus
2018/03/19 19:08:12 [TRACE] Session ID: 396f055eaa3d6548
2018/03/19 19:08:12 [TRACE] CSRF Token: FmYDWkOepw9IMKdZUuf02GX1__06MTUyMTQ4NjQyNzE0NjYyMzMzNw==
2018/03/19 19:08:12 [TRACE] Template: repo/home
2018/03/19 19:08:37 [TRACE] Session ID: 396f055eaa3d6548
2018/03/19 19:08:37 [TRACE] CSRF Token: FmYDWkOepw9IMKdZUuf02GX1__06MTUyMTQ4NjQyNzE0NjYyMzMzNw==
2018/03/19 19:08:37 [TRACE] Template: user/settings/profile
2018/03/19 19:08:47 [TRACE] Session ID: a22ab881f4b023c6
2018/03/19 19:08:47 [TRACE] CSRF Token: faosi6cS6ymH2Vn2xNFZcirIoKk6MTUyMTQ4NjUyNzg5Nzk1OTY2MQ==
2018/03/19 19:08:47 [TRACE] Template: status/404
2018/03/19 19:08:47 [TRACE] Session ID: 396f055eaa3d6548
2018/03/19 19:08:47 [TRACE] CSRF Token: FmYDWkOepw9IMKdZUuf02GX1__06MTUyMTQ4NjQyNzE0NjYyMzMzNw==
2018/03/19 19:08:47 [TRACE] Template: user/settings/avatar
2018/03/19 19:08:48 [TRACE] Session ID: 396f055eaa3d6548
2018/03/19 19:08:48 [TRACE] CSRF Token: FmYDWkOepw9IMKdZUuf02GX1__06MTUyMTQ4NjQyNzE0NjYyMzMzNw==
2018/03/19 19:08:48 [TRACE] Template: user/settings/password
2018/03/19 19:08:49 [TRACE] Session ID: 396f055eaa3d6548
2018/03/19 19:08:49 [TRACE] CSRF Token: FmYDWkOepw9IMKdZUuf02GX1__06MTUyMTQ4NjQyNzE0NjYyMzMzNw==
2018/03/19 19:08:49 [TRACE] Template: user/settings/email
2018/03/19 19:08:50 [TRACE] Session ID: 396f055eaa3d6548
2018/03/19 19:08:50 [TRACE] CSRF Token: FmYDWkOepw9IMKdZUuf02GX1__06MTUyMTQ4NjQyNzE0NjYyMzMzNw==
2018/03/19 19:08:50 [TRACE] Template: user/settings/sshkeys
2018/03/19 19:08:52 [TRACE] Session ID: 396f055eaa3d6548
2018/03/19 19:08:52 [TRACE] CSRF Token: FmYDWkOepw9IMKdZUuf02GX1__06MTUyMTQ4NjQyNzE0NjYyMzMzNw==
2018/03/19 19:08:52 [TRACE] Template: user/settings/applications
2018/03/19 19:08:53 [TRACE] Session ID: 396f055eaa3d6548
2018/03/19 19:08:53 [TRACE] CSRF Token: FmYDWkOepw9IMKdZUuf02GX1__06MTUyMTQ4NjQyNzE0NjYyMzMzNw==
2018/03/19 19:08:53 [TRACE] Template: user/settings/delete
